<?xml version="1.0" encoding="UTF-8"?>
<testsuite xmlns:xsi="http://www.w3.org/2001/XMLSchema-instance" xsi:noNamespaceSchemaLocation="https://maven.apache.org/surefire/maven-surefire-plugin/xsd/surefire-test-report.xsd" name="TestSuite" time="75.622" tests="6" errors="0" skipped="0" failures="0">
  <properties>
    <property name="sun.desktop" value="gnome"/>
    <property name="awt.toolkit" value="sun.awt.X11.XToolkit"/>
    <property name="file.encoding.pkg" value="sun.io"/>
    <property name="java.specification.version" value="1.8"/>
    <property name="sun.cpu.isalist" value=""/>
    <property name="sun.jnu.encoding" value="UTF-8"/>
    <property name="java.class.path" value="/home/admin106/.m2/repository/org/apache/maven/surefire/surefire-booter/3.0.0-M1/surefire-booter-3.0.0-M1.jar:/home/admin106/.m2/repository/org/apache/maven/surefire/surefire-api/3.0.0-M1/surefire-api-3.0.0-M1.jar:/home/admin106/.m2/repository/org/apache/maven/surefire/surefire-logger-api/3.0.0-M1/surefire-logger-api-3.0.0-M1.jar:/home/admin106/Data-Driven-Framework/target/test-classes:/home/admin106/Data-Driven-Framework/target/classes:/home/admin106/.m2/repository/org/testng/testng/6.14.3/testng-6.14.3.jar:/home/admin106/.m2/repository/com/beust/jcommander/1.72/jcommander-1.72.jar:/home/admin106/.m2/repository/org/apache-extras/beanshell/bsh/2.0b6/bsh-2.0b6.jar:/home/admin106/.m2/repository/org/seleniumhq/selenium/selenium-java/3.141.59/selenium-java-3.141.59.jar:/home/admin106/.m2/repository/org/seleniumhq/selenium/selenium-api/3.141.59/selenium-api-3.141.59.jar:/home/admin106/.m2/repository/org/seleniumhq/selenium/selenium-chrome-driver/3.141.59/selenium-chrome-driver-3.141.59.jar:/home/admin106/.m2/repository/org/seleniumhq/selenium/selenium-edge-driver/3.141.59/selenium-edge-driver-3.141.59.jar:/home/admin106/.m2/repository/org/seleniumhq/selenium/selenium-firefox-driver/3.141.59/selenium-firefox-driver-3.141.59.jar:/home/admin106/.m2/repository/org/seleniumhq/selenium/selenium-ie-driver/3.141.59/selenium-ie-driver-3.141.59.jar:/home/admin106/.m2/repository/org/seleniumhq/selenium/selenium-opera-driver/3.141.59/selenium-opera-driver-3.141.59.jar:/home/admin106/.m2/repository/org/seleniumhq/selenium/selenium-remote-driver/3.141.59/selenium-remote-driver-3.141.59.jar:/home/admin106/.m2/repository/org/seleniumhq/selenium/selenium-safari-driver/3.141.59/selenium-safari-driver-3.141.59.jar:/home/admin106/.m2/repository/org/seleniumhq/selenium/selenium-support/3.141.59/selenium-support-3.141.59.jar:/home/admin106/.m2/repository/net/bytebuddy/byte-buddy/1.8.15/byte-buddy-1.8.15.jar:/home/admin106/.m2/repository/org/apache/commons/commons-exec/1.3/commons-exec-1.3.jar:/home/admin106/.m2/repository/com/google/guava/guava/25.0-jre/guava-25.0-jre.jar:/home/admin106/.m2/repository/com/google/code/findbugs/jsr305/1.3.9/jsr305-1.3.9.jar:/home/admin106/.m2/repository/org/checkerframework/checker-compat-qual/2.0.0/checker-compat-qual-2.0.0.jar:/home/admin106/.m2/repository/com/google/errorprone/error_prone_annotations/2.1.3/error_prone_annotations-2.1.3.jar:/home/admin106/.m2/repository/com/google/j2objc/j2objc-annotations/1.1/j2objc-annotations-1.1.jar:/home/admin106/.m2/repository/org/codehaus/mojo/animal-sniffer-annotations/1.14/animal-sniffer-annotations-1.14.jar:/home/admin106/.m2/repository/com/squareup/okhttp3/okhttp/3.11.0/okhttp-3.11.0.jar:/home/admin106/.m2/repository/com/squareup/okio/okio/1.14.0/okio-1.14.0.jar:/home/admin106/.m2/repository/io/github/bonigarcia/webdrivermanager/3.2.0/webdrivermanager-3.2.0.jar:/home/admin106/.m2/repository/commons-io/commons-io/2.6/commons-io-2.6.jar:/home/admin106/.m2/repository/com/google/code/gson/gson/2.8.5/gson-2.8.5.jar:/home/admin106/.m2/repository/org/apache/commons/commons-lang3/3.8.1/commons-lang3-3.8.1.jar:/home/admin106/.m2/repository/org/apache/httpcomponents/httpclient/4.5.6/httpclient-4.5.6.jar:/home/admin106/.m2/repository/org/apache/httpcomponents/httpcore/4.4.10/httpcore-4.4.10.jar:/home/admin106/.m2/repository/commons-logging/commons-logging/1.2/commons-logging-1.2.jar:/home/admin106/.m2/repository/org/rauschig/jarchivelib/1.0.0/jarchivelib-1.0.0.jar:/home/admin106/.m2/repository/org/jsoup/jsoup/1.11.3/jsoup-1.11.3.jar:/home/admin106/.m2/repository/com/relevantcodes/extentreports/2.41.2/extentreports-2.41.2.jar:/home/admin106/.m2/repository/org/xerial/sqlite-jdbc/3.8.11.1/sqlite-jdbc-3.8.11.1.jar:/home/admin106/.m2/repository/org/freemarker/freemarker/2.3.23/freemarker-2.3.23.jar:/home/admin106/.m2/repository/org/mongodb/mongodb-driver/3.0.4/mongodb-driver-3.0.4.jar:/home/admin106/.m2/repository/org/mongodb/bson/3.0.4/bson-3.0.4.jar:/home/admin106/.m2/repository/org/mongodb/mongodb-driver-core/3.0.4/mongodb-driver-core-3.0.4.jar:/home/admin106/.m2/repository/org/uncommons/reportng/1.1.4/reportng-1.1.4.jar:/home/admin106/.m2/repository/velocity/velocity/1.4/velocity-1.4.jar:/home/admin106/.m2/repository/velocity/velocity-dep/1.4/velocity-dep-1.4.jar:/home/admin106/.m2/repository/com/google/inject/guice/4.2.0/guice-4.2.0.jar:/home/admin106/.m2/repository/javax/inject/javax.inject/1/javax.inject-1.jar:/home/admin106/.m2/repository/aopalliance/aopalliance/1.0/aopalliance-1.0.jar:/home/admin106/.m2/repository/log4j/log4j/1.2.17/log4j-1.2.17.jar:/home/admin106/.m2/repository/org/slf4j/slf4j-simple/1.8.0-alpha2/slf4j-simple-1.8.0-alpha2.jar:/home/admin106/.m2/repository/org/slf4j/slf4j-api/1.8.0-alpha2/slf4j-api-1.8.0-alpha2.jar:/home/admin106/.m2/repository/javax/mail/mail/1.4.7/mail-1.4.7.jar:/home/admin106/.m2/repository/javax/activation/activation/1.1/activation-1.1.jar:/home/admin106/.m2/repository/mysql/mysql-connector-java/6.0.5/mysql-connector-java-6.0.5.jar:/home/admin106/.m2/repository/commons-collections/commons-collections/3.2.1/commons-collections-3.2.1.jar:/home/admin106/.m2/repository/org/apache/poi/poi/4.1.0/poi-4.1.0.jar:/home/admin106/.m2/repository/commons-codec/commons-codec/1.12/commons-codec-1.12.jar:/home/admin106/.m2/repository/org/apache/commons/commons-math3/3.6.1/commons-math3-3.6.1.jar:/home/admin106/.m2/repository/org/apache/poi/poi-ooxml/4.1.0/poi-ooxml-4.1.0.jar:/home/admin106/.m2/repository/org/apache/commons/commons-compress/1.18/commons-compress-1.18.jar:/home/admin106/.m2/repository/com/github/virtuald/curvesapi/1.06/curvesapi-1.06.jar:/home/admin106/.m2/repository/dom4j/dom4j/1.6.1/dom4j-1.6.1.jar:/home/admin106/.m2/repository/xml-apis/xml-apis/1.0.b2/xml-apis-1.0.b2.jar:/home/admin106/.m2/repository/org/apache/xmlbeans/xmlbeans/3.1.0/xmlbeans-3.1.0.jar:/home/admin106/.m2/repository/org/apache/poi/poi-ooxml-schemas/4.1.0/poi-ooxml-schemas-4.1.0.jar:/home/admin106/.m2/repository/org/apache/commons/commons-collections4/4.4/commons-collections4-4.4.jar:/home/admin106/.m2/repository/org/apache/maven/surefire/surefire-testng/3.0.0-M1/surefire-testng-3.0.0-M1.jar:/home/admin106/.m2/repository/org/apache/maven/surefire/common-java5/3.0.0-M1/common-java5-3.0.0-M1.jar:/home/admin106/.m2/repository/org/apache/maven/surefire/surefire-testng-utils/3.0.0-M1/surefire-testng-utils-3.0.0-M1.jar:/home/admin106/.m2/repository/org/apache/maven/surefire/surefire-grouper/3.0.0-M1/surefire-grouper-3.0.0-M1.jar"/>
    <property name="java.vm.vendor" value="Private Build"/>
    <property name="sun.arch.data.model" value="64"/>
    <property name="java.vendor.url" value="http://java.oracle.com/"/>
    <property name="user.timezone" value=""/>
    <property name="java.vm.specification.version" value="1.8"/>
    <property name="os.name" value="Linux"/>
    <property name="user.country" value="IN"/>
    <property name="sun.java.launcher" value="SUN_STANDARD"/>
    <property name="sun.boot.library.path" value="/usr/lib/jvm/java-8-openjdk-amd64/jre/lib/amd64"/>
    <property name="sun.java.command" value="org.apache.maven.surefire.booter.ForkedBooter /home/admin106/Data-Driven-Framework/target/surefire 2020-02-18T14-48-07_086-jvmRun1 surefire5734512108196528937tmp surefire_08881861493033589150tmp"/>
    <property name="surefire.test.class.path" value="/home/admin106/Data-Driven-Framework/target/test-classes:/home/admin106/Data-Driven-Framework/target/classes:/home/admin106/.m2/repository/org/testng/testng/6.14.3/testng-6.14.3.jar:/home/admin106/.m2/repository/com/beust/jcommander/1.72/jcommander-1.72.jar:/home/admin106/.m2/repository/org/apache-extras/beanshell/bsh/2.0b6/bsh-2.0b6.jar:/home/admin106/.m2/repository/org/seleniumhq/selenium/selenium-java/3.141.59/selenium-java-3.141.59.jar:/home/admin106/.m2/repository/org/seleniumhq/selenium/selenium-api/3.141.59/selenium-api-3.141.59.jar:/home/admin106/.m2/repository/org/seleniumhq/selenium/selenium-chrome-driver/3.141.59/selenium-chrome-driver-3.141.59.jar:/home/admin106/.m2/repository/org/seleniumhq/selenium/selenium-edge-driver/3.141.59/selenium-edge-driver-3.141.59.jar:/home/admin106/.m2/repository/org/seleniumhq/selenium/selenium-firefox-driver/3.141.59/selenium-firefox-driver-3.141.59.jar:/home/admin106/.m2/repository/org/seleniumhq/selenium/selenium-ie-driver/3.141.59/selenium-ie-driver-3.141.59.jar:/home/admin106/.m2/repository/org/seleniumhq/selenium/selenium-opera-driver/3.141.59/selenium-opera-driver-3.141.59.jar:/home/admin106/.m2/repository/org/seleniumhq/selenium/selenium-remote-driver/3.141.59/selenium-remote-driver-3.141.59.jar:/home/admin106/.m2/repository/org/seleniumhq/selenium/selenium-safari-driver/3.141.59/selenium-safari-driver-3.141.59.jar:/home/admin106/.m2/repository/org/seleniumhq/selenium/selenium-support/3.141.59/selenium-support-3.141.59.jar:/home/admin106/.m2/repository/net/bytebuddy/byte-buddy/1.8.15/byte-buddy-1.8.15.jar:/home/admin106/.m2/repository/org/apache/commons/commons-exec/1.3/commons-exec-1.3.jar:/home/admin106/.m2/repository/com/google/guava/guava/25.0-jre/guava-25.0-jre.jar:/home/admin106/.m2/repository/com/google/code/findbugs/jsr305/1.3.9/jsr305-1.3.9.jar:/home/admin106/.m2/repository/org/checkerframework/checker-compat-qual/2.0.0/checker-compat-qual-2.0.0.jar:/home/admin106/.m2/repository/com/google/errorprone/error_prone_annotations/2.1.3/error_prone_annotations-2.1.3.jar:/home/admin106/.m2/repository/com/google/j2objc/j2objc-annotations/1.1/j2objc-annotations-1.1.jar:/home/admin106/.m2/repository/org/codehaus/mojo/animal-sniffer-annotations/1.14/animal-sniffer-annotations-1.14.jar:/home/admin106/.m2/repository/com/squareup/okhttp3/okhttp/3.11.0/okhttp-3.11.0.jar:/home/admin106/.m2/repository/com/squareup/okio/okio/1.14.0/okio-1.14.0.jar:/home/admin106/.m2/repository/io/github/bonigarcia/webdrivermanager/3.2.0/webdrivermanager-3.2.0.jar:/home/admin106/.m2/repository/commons-io/commons-io/2.6/commons-io-2.6.jar:/home/admin106/.m2/repository/com/google/code/gson/gson/2.8.5/gson-2.8.5.jar:/home/admin106/.m2/repository/org/apache/commons/commons-lang3/3.8.1/commons-lang3-3.8.1.jar:/home/admin106/.m2/repository/org/apache/httpcomponents/httpclient/4.5.6/httpclient-4.5.6.jar:/home/admin106/.m2/repository/org/apache/httpcomponents/httpcore/4.4.10/httpcore-4.4.10.jar:/home/admin106/.m2/repository/commons-logging/commons-logging/1.2/commons-logging-1.2.jar:/home/admin106/.m2/repository/org/rauschig/jarchivelib/1.0.0/jarchivelib-1.0.0.jar:/home/admin106/.m2/repository/org/jsoup/jsoup/1.11.3/jsoup-1.11.3.jar:/home/admin106/.m2/repository/com/relevantcodes/extentreports/2.41.2/extentreports-2.41.2.jar:/home/admin106/.m2/repository/org/xerial/sqlite-jdbc/3.8.11.1/sqlite-jdbc-3.8.11.1.jar:/home/admin106/.m2/repository/org/freemarker/freemarker/2.3.23/freemarker-2.3.23.jar:/home/admin106/.m2/repository/org/mongodb/mongodb-driver/3.0.4/mongodb-driver-3.0.4.jar:/home/admin106/.m2/repository/org/mongodb/bson/3.0.4/bson-3.0.4.jar:/home/admin106/.m2/repository/org/mongodb/mongodb-driver-core/3.0.4/mongodb-driver-core-3.0.4.jar:/home/admin106/.m2/repository/org/uncommons/reportng/1.1.4/reportng-1.1.4.jar:/home/admin106/.m2/repository/velocity/velocity/1.4/velocity-1.4.jar:/home/admin106/.m2/repository/velocity/velocity-dep/1.4/velocity-dep-1.4.jar:/home/admin106/.m2/repository/com/google/inject/guice/4.2.0/guice-4.2.0.jar:/home/admin106/.m2/repository/javax/inject/javax.inject/1/javax.inject-1.jar:/home/admin106/.m2/repository/aopalliance/aopalliance/1.0/aopalliance-1.0.jar:/home/admin106/.m2/repository/log4j/log4j/1.2.17/log4j-1.2.17.jar:/home/admin106/.m2/repository/org/slf4j/slf4j-simple/1.8.0-alpha2/slf4j-simple-1.8.0-alpha2.jar:/home/admin106/.m2/repository/org/slf4j/slf4j-api/1.8.0-alpha2/slf4j-api-1.8.0-alpha2.jar:/home/admin106/.m2/repository/javax/mail/mail/1.4.7/mail-1.4.7.jar:/home/admin106/.m2/repository/javax/activation/activation/1.1/activation-1.1.jar:/home/admin106/.m2/repository/mysql/mysql-connector-java/6.0.5/mysql-connector-java-6.0.5.jar:/home/admin106/.m2/repository/commons-collections/commons-collections/3.2.1/commons-collections-3.2.1.jar:/home/admin106/.m2/repository/org/apache/poi/poi/4.1.0/poi-4.1.0.jar:/home/admin106/.m2/repository/commons-codec/commons-codec/1.12/commons-codec-1.12.jar:/home/admin106/.m2/repository/org/apache/commons/commons-math3/3.6.1/commons-math3-3.6.1.jar:/home/admin106/.m2/repository/org/apache/poi/poi-ooxml/4.1.0/poi-ooxml-4.1.0.jar:/home/admin106/.m2/repository/org/apache/commons/commons-compress/1.18/commons-compress-1.18.jar:/home/admin106/.m2/repository/com/github/virtuald/curvesapi/1.06/curvesapi-1.06.jar:/home/admin106/.m2/repository/dom4j/dom4j/1.6.1/dom4j-1.6.1.jar:/home/admin106/.m2/repository/xml-apis/xml-apis/1.0.b2/xml-apis-1.0.b2.jar:/home/admin106/.m2/repository/org/apache/xmlbeans/xmlbeans/3.1.0/xmlbeans-3.1.0.jar:/home/admin106/.m2/repository/org/apache/poi/poi-ooxml-schemas/4.1.0/poi-ooxml-schemas-4.1.0.jar:/home/admin106/.m2/repository/org/apache/commons/commons-collections4/4.4/commons-collections4-4.4.jar:"/>
    <property name="sun.cpu.endian" value="little"/>
    <property name="user.home" value="/home/admin106"/>
    <property name="user.language" value="en"/>
    <property name="java.specification.vendor" value="Oracle Corporation"/>
    <property name="java.home" value="/usr/lib/jvm/java-8-openjdk-amd64/jre"/>
    <property name="basedir" value="/home/admin106/Data-Driven-Framework"/>
    <property name="file.separator" value="/"/>
    <property name="line.separator" value="&#10;"/>
    <property name="java.vm.specification.vendor" value="Oracle Corporation"/>
    <property name="java.specification.name" value="Java Platform API Specification"/>
    <property name="java.awt.graphicsenv" value="sun.awt.X11GraphicsEnvironment"/>
    <property name="sun.boot.class.path" value="/usr/lib/jvm/java-8-openjdk-amd64/jre/lib/resources.jar:/usr/lib/jvm/java-8-openjdk-amd64/jre/lib/rt.jar:/usr/lib/jvm/java-8-openjdk-amd64/jre/lib/sunrsasign.jar:/usr/lib/jvm/java-8-openjdk-amd64/jre/lib/jsse.jar:/usr/lib/jvm/java-8-openjdk-amd64/jre/lib/jce.jar:/usr/lib/jvm/java-8-openjdk-amd64/jre/lib/charsets.jar:/usr/lib/jvm/java-8-openjdk-amd64/jre/lib/jfr.jar:/usr/lib/jvm/java-8-openjdk-amd64/jre/classes"/>
    <property name="sun.management.compiler" value="HotSpot 64-Bit Tiered Compilers"/>
    <property name="java.runtime.version" value="1.8.0_232-8u232-b09-0ubuntu1~18.04.1-b09"/>
    <property name="user.name" value="admin106"/>
    <property name="path.separator" value=":"/>
    <property name="os.version" value="4.15.0-72-generic"/>
    <property name="java.endorsed.dirs" value="/usr/lib/jvm/java-8-openjdk-amd64/jre/lib/endorsed"/>
    <property name="java.runtime.name" value="OpenJDK Runtime Environment"/>
    <property name="file.encoding" value="UTF-8"/>
    <property name="java.vm.name" value="OpenJDK 64-Bit Server VM"/>
    <property name="localRepository" value="/home/admin106/.m2/repository"/>
    <property name="java.vendor.url.bug" value="http://bugreport.sun.com/bugreport/"/>
    <property name="java.io.tmpdir" value="/tmp"/>
    <property name="java.version" value="1.8.0_232"/>
    <property name="user.dir" value="/home/admin106/Data-Driven-Framework"/>
    <property name="os.arch" value="amd64"/>
    <property name="java.vm.specification.name" value="Java Virtual Machine Specification"/>
    <property name="java.awt.printerjob" value="sun.print.PSPrinterJob"/>
    <property name="sun.os.patch.level" value="unknown"/>
    <property name="java.library.path" value="/usr/java/packages/lib/amd64:/usr/lib/x86_64-linux-gnu/jni:/lib/x86_64-linux-gnu:/usr/lib/x86_64-linux-gnu:/usr/lib/jni:/lib:/usr/lib"/>
    <property name="java.vm.info" value="mixed mode"/>
    <property name="java.vendor" value="Private Build"/>
    <property name="java.vm.version" value="25.232-b09"/>
    <property name="java.ext.dirs" value="/usr/lib/jvm/java-8-openjdk-amd64/jre/lib/ext:/usr/java/packages/lib/ext"/>
    <property name="sun.io.unicode.encoding" value="UnicodeLittle"/>
    <property name="java.class.version" value="52.0"/>
  </properties>
  <testcase name="loginTest" classname="com.bridgelabz.testcases.loginTest" time="4.433"/>
  <testcase name="AddCustomer" classname="com.bridgelabz.testcases.AddCustomer" time="5.965"/>
  <testcase name="AddCustomer" classname="com.bridgelabz.testcases.AddCustomer" time="2.46"/>
  <testcase name="AddCustomer" classname="com.bridgelabz.testcases.AddCustomer" time="2.386"/>
  <testcase name="openAccount" classname="com.bridgelabz.testcases.openAccount" time="0.77"/>
  <testcase name="openAccount" classname="com.bridgelabz.testcases.openAccount" time="0.824"/>
</testsuite>