<?xml version="1.0" encoding="UTF-8"?>
<!-- Generated by org.testng.reporters.JUnitReportReporter -->
<testsuite skipped="0" hostname="admin106-desktop" name="com.bridgelabz.testcases.loginTest" tests="1" failures="0" timestamp="13 Feb 2020 10:41:34 GMT" time="5.953" errors="0">
  <testcase name="loginTest" time="5.953" classname="com.bridgelabz.testcases.loginTest"/>
</testsuite> <!-- com.bridgelabz.testcases.loginTest -->
