<?xml version="1.0" encoding="UTF-8"?>
<!-- Generated by org.testng.reporters.JUnitReportReporter -->
<testsuite skipped="0" hostname="admin106-desktop" name="com.bridgelabz.testcases.AddCustomer" tests="3" failures="0" timestamp="13 Feb 2020 10:41:34 GMT" time="9.216" errors="0">
  <testcase name="AddCustomer" time="3.998" classname="com.bridgelabz.testcases.AddCustomer"/>
  <testcase name="AddCustomer" time="2.807" classname="com.bridgelabz.testcases.AddCustomer"/>
  <testcase name="AddCustomer" time="2.411" classname="com.bridgelabz.testcases.AddCustomer"/>
</testsuite> <!-- com.bridgelabz.testcases.AddCustomer -->
