<?xml version="1.0" encoding="UTF-8"?>
<!-- Generated by org.testng.reporters.JUnitReportReporter -->
<testsuite skipped="1" hostname="lap0002960" name="com.w2a.testcases.AddCustomer" tests="3" failures="0" timestamp="23 Sep 2019 11:51:10 GMT" time="12.218" errors="0">
  <testcase name="AddCustomer" time="2.432" classname="com.w2a.testcases.AddCustomer"/>
  <testcase name="AddCustomer" time="0.002" classname="com.w2a.testcases.AddCustomer">
    <skipped/>
  </testcase> <!-- AddCustomer -->
  <testcase name="AddCustomer" time="9.784" classname="com.w2a.testcases.AddCustomer"/>
</testsuite> <!-- com.w2a.testcases.AddCustomer -->
