<?xml version="1.0" encoding="UTF-8"?>
<!-- Generated by org.testng.reporters.JUnitReportReporter -->
<testsuite skipped="0" hostname="admin106-desktop" name="com.bridgelabz.testcases.openAccount" tests="2" failures="0" timestamp="13 Feb 2020 10:41:34 GMT" time="1.640" errors="0">
  <testcase name="openAccount" time="0.821" classname="com.bridgelabz.testcases.openAccount"/>
  <testcase name="openAccount" time="0.819" classname="com.bridgelabz.testcases.openAccount"/>
</testsuite> <!-- com.bridgelabz.testcases.openAccount -->
