<?xml version="1.0" encoding="UTF-8"?>
<!-- Generated by org.testng.reporters.JUnitReportReporter -->
<testsuite skipped="0" hostname="admin106-desktop" name="com.bridgelabz.testcases.openAccount" tests="2" failures="0" timestamp="09 Jan 2020 11:31:29 GMT" time="1.564" errors="0">
  <testcase name="openAccount" time="0.744" classname="com.bridgelabz.testcases.openAccount"/>
  <testcase name="openAccount" time="0.820" classname="com.bridgelabz.testcases.openAccount"/>
</testsuite> <!-- com.bridgelabz.testcases.openAccount -->
