<?xml version="1.0" encoding="UTF-8"?>
<!-- Generated by org.testng.reporters.JUnitReportReporter -->
<testsuite skipped="0" hostname="admin106-desktop" name="com.bridgelabz.testcases.AddCustomer" tests="3" failures="0" timestamp="09 Jan 2020 11:31:29 GMT" time="7.185" errors="0">
  <testcase name="AddCustomer" time="2.403" classname="com.bridgelabz.testcases.AddCustomer"/>
  <testcase name="AddCustomer" time="2.355" classname="com.bridgelabz.testcases.AddCustomer"/>
  <testcase name="AddCustomer" time="2.427" classname="com.bridgelabz.testcases.AddCustomer"/>
</testsuite> <!-- com.bridgelabz.testcases.AddCustomer -->
