<?xml version="1.0" encoding="UTF-8"?>
<!-- Generated by org.testng.reporters.JUnitReportReporter -->
<testsuite skipped="0" hostname="lap0002960" name="com.w2a.testcases.loginTest" tests="1" failures="0" timestamp="23 Sep 2019 11:51:10 GMT" time="9.736" errors="0">
  <testcase name="loginTest" time="9.736" classname="com.w2a.testcases.loginTest"/>
</testsuite> <!-- com.w2a.testcases.loginTest -->
