<?xml version="1.0" encoding="UTF-8"?>
<!-- Generated by org.testng.reporters.JUnitReportReporter -->
<testsuite skipped="0" hostname="lap0002960" name="com.w2a.testcases.openAccount" tests="2" failures="0" timestamp="23 Sep 2019 11:51:10 GMT" time="1.695" errors="0">
  <testcase name="openAccount" time="0.757" classname="com.w2a.testcases.openAccount"/>
  <testcase name="openAccount" time="0.938" classname="com.w2a.testcases.openAccount"/>
</testsuite> <!-- com.w2a.testcases.openAccount -->
