<?xml version="1.0" encoding="UTF-8"?>
<!-- Generated by org.testng.reporters.JUnitReportReporter -->
<testsuite skipped="0" hostname="lap0002960" name="com.w2a.testcases.openAccount" tests="2" failures="0" timestamp="06 Sep 2019 13:36:01 GMT" time="1.863" errors="0">
  <testcase name="openAccount" time="0.885" classname="com.w2a.testcases.openAccount"/>
  <testcase name="openAccount" time="0.978" classname="com.w2a.testcases.openAccount"/>
</testsuite> <!-- com.w2a.testcases.openAccount -->
