<?xml version="1.0" encoding="UTF-8"?>
<!-- Generated by org.testng.reporters.JUnitReportReporter -->
<testsuite skipped="0" hostname="lap0002960" name="com.w2a.testcases.loginTest" tests="1" failures="0" timestamp="06 Sep 2019 13:36:01 GMT" time="6.033" errors="0">
  <testcase name="loginTest" time="6.033" classname="com.w2a.testcases.loginTest"/>
</testsuite> <!-- com.w2a.testcases.loginTest -->
