<?xml version="1.0" encoding="UTF-8"?>
<!-- Generated by org.testng.reporters.JUnitReportReporter -->
<testsuite skipped="1" hostname="lap0002960" name="com.w2a.testcases.AddCustomer" tests="3" failures="0" timestamp="06 Sep 2019 13:36:01 GMT" time="4.804" errors="0">
  <testcase name="AddCustomer" time="2.305" classname="com.w2a.testcases.AddCustomer"/>
  <testcase name="AddCustomer" time="0.000" classname="com.w2a.testcases.AddCustomer">
    <skipped/>
  </testcase> <!-- AddCustomer -->
  <testcase name="AddCustomer" time="2.499" classname="com.w2a.testcases.AddCustomer"/>
</testsuite> <!-- com.w2a.testcases.AddCustomer -->
